<?xml version="1.0" encoding="UTF-8"?>
<!-- Generated by org.testng.reporters.JUnitXMLReporter -->
<testsuite ignored="0" hostname="DESKTOP-KKDT01F" failures="0" tests="3" name="Test" time="112.236" errors="0" timestamp="2022-11-17T05:06:06 IST">
  <testcase classname="com.testng.Amazon_TestNGParameter3BaseCO_WDM2" name="select_from_dropdown" time="2.986"/>
  <testcase classname="com.testng.Amazon_TestNGParameter3BaseCO_WDM2" name="send_the_value" time="2.336"/>
  <testcase classname="com.testng.Amazon_TestNGParameter3BaseCO_WDM2" name="find_the_exact_searchvalue_in_the_suggestion_click" time="53.806"/>
</testsuite> <!-- Test -->
